Patching all shards.
Run Always: Initializing 'craftables' table...
Patching all shards.
Run Always: 12 objects updated
Patch 0 complete. 4/3/2024 10:00:04 AM
===========================
Patching all shards.
Patching all shards.
PatchV94 patched with 0 objects updated
Patch 160 complete. 4/3/2024 10:00:05 AM
===========================
Patching all shards.
Run Always: Relocation spawners...
Patching all shards.
Run Always: Send 'Int Map' template mobiles, items, and loot packs to the internal map...
Patching all shards.
Run Always: Delete and redeed any preview addons that were picked up by a save...
Patching Angel Island.
Run Always: Applying spawner patches...
0 spawner patches applied.
Patch 0 complete. 4/3/2024 10:00:05 AM
===========================
Patching all shards.
Patching all shards.
Run Always: Checking for mobiles & items at map 0,0...
Warning: 0x4001B5E4 "Item" found at (0, 0, 0) with a spawner located at -none-
Deleting and Logging: 0x4001B5E4 "Item"
Warning: 0x4001B5E7 "Item" found at (0, 0, 0) with a spawner located at -none-
Deleting and Logging: 0x4001B5E7 "Item"
2 objects handled.
Patch 0 complete. 4/3/2024 10:00:05 AM
===========================
Patching all shards.
Run Always: Deleting homeless base vendors...
0 homeless base vendors deleted.
Patch 0 complete. 4/3/2024 10:00:06 AM
===========================
Patching all shards.
Run Always: 4058 objects updated
Patch 161 complete. 4/3/2024 10:00:06 AM
===========================
Patching all shards.
Run Always: Initializing 'craftables' table...
Patching all shards.
Run Always: 12 objects updated
Patch 0 complete. 4/3/2024 10:01:49 AM
===========================
Patching all shards.
Patching all shards.
PatchV94 patched with 0 objects updated
Patch 160 complete. 4/3/2024 10:01:49 AM
===========================
Patching all shards.
Run Always: Relocation spawners...
Patching all shards.
Run Always: Send 'Int Map' template mobiles, items, and loot packs to the internal map...
Patching all shards.
Run Always: Delete and redeed any preview addons that were picked up by a save...
Patching Angel Island.
Run Always: Applying spawner patches...
0 spawner patches applied.
Patch 0 complete. 4/3/2024 10:01:49 AM
===========================
Patching all shards.
Patching all shards.
Run Always: Checking for mobiles & items at map 0,0...
Warning: 0x4001B5E4 "Item" found at (0, 0, 0) with a spawner located at -none-
Deleting and Logging: 0x4001B5E4 "Item"
Warning: 0x4001B5E7 "Item" found at (0, 0, 0) with a spawner located at -none-
Deleting and Logging: 0x4001B5E7 "Item"
2 objects handled.
Patch 0 complete. 4/3/2024 10:01:50 AM
===========================
Patching all shards.
Run Always: Deleting homeless base vendors...
0 homeless base vendors deleted.
Patch 0 complete. 4/3/2024 10:01:50 AM
===========================
Patching all shards.
Run Always: 4058 objects updated
Patch 161 complete. 4/3/2024 10:01:50 AM
===========================
Patching all shards.
Run Always: Initializing 'craftables' table...
Patching all shards.
Run Always: 12 objects updated
Patch 0 complete. 4/4/2024 6:03:05 PM
===========================
Patching all shards.
Patching all shards.
PatchV94 patched with 0 objects updated
Patch 160 complete. 4/4/2024 6:03:06 PM
===========================
Patching all shards.
Run Always: Relocation spawners...
Patching all shards.
Run Always: Send 'Int Map' template mobiles, items, and loot packs to the internal map...
Patching all shards.
Run Always: Delete and redeed any preview addons that were picked up by a save...
Patching Angel Island.
Run Always: Applying spawner patches...
0 spawner patches applied.
Patch 0 complete. 4/4/2024 6:03:06 PM
===========================
Patching all shards.
Patching all shards.
Run Always: Checking for mobiles & items at map 0,0...
Warning: 0x4001B5E4 "Item" found at (0, 0, 0) with a spawner located at -none-
Deleting and Logging: 0x4001B5E4 "Item"
Warning: 0x4001B5E7 "Item" found at (0, 0, 0) with a spawner located at -none-
Deleting and Logging: 0x4001B5E7 "Item"
2 objects handled.
Patch 0 complete. 4/4/2024 6:03:06 PM
===========================
Patching all shards.
Run Always: Deleting homeless base vendors...
0 homeless base vendors deleted.
Patch 0 complete. 4/4/2024 6:03:07 PM
===========================
Patching all shards.
Run Always: 4058 objects updated
Patch 161 complete. 4/4/2024 6:03:07 PM
===========================
Patching all shards.
Run Always: Initializing 'craftables' table...
Patching all shards.
Run Always: 12 objects updated
Patch 0 complete. 4/10/2024 7:55:47 PM
===========================
Patching all shards.
Patching all shards.
PatchV94 patched with 0 objects updated
Patch 160 complete. 4/10/2024 7:55:48 PM
===========================
Patching all shards.
PatchV95 patched with 0 objects updated
Patch 161 complete. 4/10/2024 7:55:48 PM
===========================
Patching all shards.
PatchV96 patched with 0 objects updated
Patch 162 complete. 4/10/2024 7:55:48 PM
===========================
Patching all shards.
Run Always: Relocation spawners...
Patching all shards.
Run Always: Send 'Int Map' template mobiles, items, and loot packs to the internal map...
Patching all shards.
Run Always: Delete and redeed any preview addons that were picked up by a save...
Patching Angel Island.
Run Always: Applying spawner patches...
0 spawner patches applied.
Patch 0 complete. 4/10/2024 7:55:49 PM
===========================
Patching all shards.
Patching all shards.
Run Always: Checking for mobiles & items at map 0,0...
Warning: 0x4001B5E4 "Item" found at (0, 0, 0) with a spawner located at -none-
Deleting and Logging: 0x4001B5E4 "Item"
Warning: 0x4001B5E7 "Item" found at (0, 0, 0) with a spawner located at -none-
Deleting and Logging: 0x4001B5E7 "Item"
2 objects handled.
Patch 0 complete. 4/10/2024 7:55:49 PM
===========================
Patching all shards.
Run Always: Deleting homeless base vendors...
0 homeless base vendors deleted.
Patch 0 complete. 4/10/2024 7:55:49 PM
===========================
Patching all shards.
Run Always: 4058 objects updated
Patch 163 complete. 4/10/2024 7:55:49 PM
===========================
Patching all shards.
Run Always: Initializing 'craftables' table...
Patching all shards.
Run Always: 12 objects updated
Patch 0 complete. 4/27/2024 2:44:48 PM
===========================
Patching all shards.
Run Always: Initializing 'craftables' table...
Patching all shards.
Run Always: 12 objects updated
Patch 0 complete. 6/14/2024 1:05:51 PM
===========================
Patching all shards.
PatchV95 patched with 0 objects updated
Patch 161 complete. 6/14/2024 1:05:52 PM
===========================
Patching all shards.
PatchV96 patched with 0 objects updated
Patch 162 complete. 6/14/2024 1:05:53 PM
===========================
Patching all shards.
PatchV97 patched with 0 objects updated
Patch 163 complete. 6/14/2024 1:05:53 PM
===========================
Patching all shards.
Patching all shards.
PatchV98 patched with 0 objects updated
Patch 164 complete. 6/14/2024 1:06:02 PM
===========================
Patching all shards.
Patching all shards.
PatchV99 patched with 0 objects updated
Patch 165 complete. 6/14/2024 1:06:02 PM
===========================
Patching all shards.
PatchV100 patched with 0 objects updated
Patch 166 complete. 6/14/2024 1:06:02 PM
===========================
Patching all shards.
PatchV101 patched with 0 objects updated
Patch 167 complete. 6/14/2024 1:06:02 PM
===========================
Patching all shards.
Run Always: Relocation spawners...
Patching all shards.
Run Always: Send 'Int Map' template mobiles, items, and loot packs to the internal map...
Patching all shards.
Run Always: Delete and redeed any preview addons that were picked up by a save...
Patching Angel Island.
Run Always: Applying spawner patches...
0 spawner patches applied.
Patch 0 complete. 6/14/2024 1:06:02 PM
===========================
Patching all shards.
Run Always: Updating link information. Slow...
Patching all shards.
Run Always: Checking for mobiles & items at map 0,0...
Warning: 0x4001B5E4 "Item" found at (0, 0, 0) with a spawner located at -none-
Deleting and Logging: 0x4001B5E4 "Item"
Warning: 0x4001B5E7 "Item" found at (0, 0, 0) with a spawner located at -none-
Deleting and Logging: 0x4001B5E7 "Item"
2 objects handled.
Patch 0 complete. 6/14/2024 1:06:03 PM
===========================
Patching all shards.
Run Always: Deleting homeless base vendors...
0 homeless base vendors deleted.
Patch 0 complete. 6/14/2024 1:06:03 PM
===========================
Patching all shards.
Run Always: 4058 objects updated
Patch 168 complete. 6/14/2024 1:06:03 PM
===========================
Patching all shards.
Run Always: Deleting all DeleteOnRestart items...
Patching all shards.
Run Always: Initializing 'craftables' table...
Patching all shards.
Run Always: 12 objects updated
Patch 0 complete. 7/25/2024 12:24:19 PM
===========================
Patching all shards.
Patching all shards.
PatchV94 patched with 0 objects updated
Patch 160 complete. 7/25/2024 12:24:20 PM
===========================
Patching all shards.
PatchV95 patched with 0 objects updated
Patch 161 complete. 7/25/2024 12:24:20 PM
===========================
Patching all shards.
PatchV96 patched with 0 objects updated
Patch 162 complete. 7/25/2024 12:24:20 PM
===========================
Patching all shards.
PatchV97 patched with 0 objects updated
Patch 163 complete. 7/25/2024 12:24:20 PM
===========================
Patching all shards.
Patching all shards.
PatchV98 patched with 0 objects updated
Patch 164 complete. 7/25/2024 12:24:25 PM
===========================
Patching all shards.
Patching all shards.
PatchV99 patched with 0 objects updated
Patch 165 complete. 7/25/2024 12:24:26 PM
===========================
Patching all shards.
PatchV100 patched with 0 objects updated
Patch 166 complete. 7/25/2024 12:24:26 PM
===========================
Patching all shards.
PatchV101 patched with 0 objects updated
Patch 167 complete. 7/25/2024 12:24:26 PM
===========================
Patching all shards.
Patching all shards.
PatchV102 patched with 0 objects updated
Patch 168 complete. 7/25/2024 12:24:26 PM
===========================
Patching all shards.
Patching all shards.
PatchV103 patched with 0 objects updated
Patch 169 complete. 7/25/2024 12:24:26 PM
===========================
Patching all shards.
Patching all shards.
PatchV104 patched with 6930 objects updated
Patch 170 complete. 7/25/2024 12:24:26 PM
===========================
Patching all shards.
PatchV105 patched with 0 objects updated
Patch 171 complete. 7/25/2024 12:24:26 PM
===========================
Patching all shards.
PatchV106 patched with 0 objects updated
Patch 172 complete. 7/25/2024 12:24:26 PM
===========================
Patching all shards.
Patching all shards.
PatchV107 patched with 104 objects updated
Patch 173 complete. 7/25/2024 12:24:26 PM
===========================
Patching all shards.
Run Always: Relocation spawners...
Patching all shards.
Run Always: Send 'Int Map' template mobiles, items, and loot packs to the internal map...
Patching all shards.
Run Always: Delete and redeed any preview addons that were picked up by a save...
Patching Angel Island.
Run Always: Applying spawner patches...
0 spawner patches applied.
Patch 0 complete. 7/25/2024 12:24:26 PM
===========================
Patching all shards.
Run Always: Updating link information. Slow...
Patching all shards.
Run Always: Checking for mobiles & items at map 0,0...
Warning: 0x4001B5E4 "Item" found at (0, 0, 0) with a spawner located at -none-
Deleting and Logging: 0x4001B5E4 "Item"
Warning: 0x4001B5E7 "Item" found at (0, 0, 0) with a spawner located at -none-
Deleting and Logging: 0x4001B5E7 "Item"
2 objects handled.
Patch 0 complete. 7/25/2024 12:24:27 PM
===========================
Patching all shards.
Run Always: Deleting homeless base vendors...
0 homeless base vendors deleted.
Patch 0 complete. 7/25/2024 12:24:27 PM
===========================
Patching all shards.
Run Always: 4058 objects updated
Patch 174 complete. 7/25/2024 12:24:27 PM
===========================
Patching all shards.
Run Always: Deleting all DeleteOnRestart items...
Patching all shards.
Run Always: Initializing 'craftables' table...
Patching all shards.
Run Always: 108 objects updated
Patch 0 complete. 7/29/2024 4:05:32 PM
===========================
Patching all shards.
Patching all shards.
Removing Angel Island, Internal[(0x3D "Knox", acct: 'knox') (751, 1881, 7)]
Removing Angel Island, Internal[(0x21F "SYSTEM", what: 'PlayerMobile') (0, 0, 0)]
Removing Angel Island, Internal[(0x1008 "Savior", acct: 'staffPixie') (5731, 953, 0)]
Removing Angel Island, Internal[(0x1226 "Yoar", acct: 'staffYoar') (1821, 2515, 6)]
Removing Angel Island, null map[(0x284C "Pixie", acct: '(no account)') (1239, 1988, 7)]
Removing Angel Island, Internal[(0x25B45 "Liberation", acct: 'staffLiberation') (5294, 1175, 0)]
Removing Angel Island, Internal[(0xB914 "Snafu", acct: 'staffKadull') (1426, 1687, 0)]
Removing Angel Island, Internal[(0x151F8 "Oracle", acct: 'staffFolik') (357, 888, 40)]
Removing Angel Island, Internal[(0x5D1E "Raiden", acct: 'staffraiden') (1431, 1691, 20)]
9 staff members removed.
PatchV108 patched with 0 objects updated
Patch 174 complete. 7/29/2024 4:05:32 PM
===========================
Patching all shards.
Run Always: Relocation spawners...
Patching all shards.
Run Always: Send 'Int Map' template mobiles, items, and loot packs to the internal map...
Patching all shards.
Run Always: Delete and redeed any preview addons that were picked up by a save...
Patching Angel Island.
Run Always: Applying spawner patches...
0 spawner patches applied.
Patch 0 complete. 7/29/2024 4:05:33 PM
===========================
Patching all shards.
Run Always: Updating link information. Slow...
Patching all shards.
Run Always: Checking for mobiles & items at map 0,0...
Warning: 0x4001B5E4 "Item" found at (0, 0, 0) with a spawner located at -none-
Deleting and Logging: 0x4001B5E4 "Item"
Warning: 0x4001B5E7 "Item" found at (0, 0, 0) with a spawner located at -none-
Deleting and Logging: 0x4001B5E7 "Item"
2 objects handled.
Patch 0 complete. 7/29/2024 4:05:33 PM
===========================
Patching all shards.
Run Always: Deleting homeless base vendors...
0 homeless base vendors deleted.
Patch 0 complete. 7/29/2024 4:05:33 PM
===========================
Patching all shards.
Run Always: 4058 objects updated
Patch 175 complete. 7/29/2024 4:05:33 PM
===========================
Patching all shards.
Run Always: Deleting all DeleteOnRestart items...
Patching all shards.
Run Always: Initializing 'craftables' table...
Patching all shards.
Run Always: 108 objects updated
Patch 0 complete. 7/29/2024 4:11:11 PM
===========================
Patching all shards.
Run Always: Relocation spawners...
Patching all shards.
Run Always: Send 'Int Map' template mobiles, items, and loot packs to the internal map...
Patching all shards.
Run Always: Delete and redeed any preview addons that were picked up by a save...
Patching Angel Island.
Run Always: Applying spawner patches...
0 spawner patches applied.
Patch 0 complete. 7/29/2024 4:11:12 PM
===========================
Patching all shards.
Run Always: Updating link information. Slow...
Patching all shards.
Run Always: Checking for mobiles & items at map 0,0...
Warning: 0x4001B5E4 "Item" found at (0, 0, 0) with a spawner located at -none-
Deleting and Logging: 0x4001B5E4 "Item"
Warning: 0x4001B5E7 "Item" found at (0, 0, 0) with a spawner located at -none-
Deleting and Logging: 0x4001B5E7 "Item"
2 objects handled.
Patch 0 complete. 7/29/2024 4:11:12 PM
===========================
Patching all shards.
Run Always: Deleting homeless base vendors...
0 homeless base vendors deleted.
Patch 0 complete. 7/29/2024 4:11:12 PM
===========================
Patching all shards.
Run Always: 4057 objects updated
Patch 175 complete. 7/29/2024 4:11:12 PM
===========================
Patching all shards.
Run Always: Deleting all DeleteOnRestart items...
Patching all shards.
Run Always: Initializing 'craftables' table...
Patching all shards.
Run Always: 12 objects updated
Patch 0 complete. 7/30/2024 8:57:07 AM
===========================
Patching all shards.
Patching all shards.
PatchV94 patched with 0 objects updated
Patch 160 complete. 7/30/2024 8:57:08 AM
===========================
Patching all shards.
PatchV95 patched with 0 objects updated
Patch 161 complete. 7/30/2024 8:57:08 AM
===========================
Patching all shards.
PatchV96 patched with 0 objects updated
Patch 162 complete. 7/30/2024 8:57:08 AM
===========================
Patching all shards.
PatchV97 patched with 0 objects updated
Patch 163 complete. 7/30/2024 8:57:08 AM
===========================
Patching all shards.
Patching all shards.
PatchV98 patched with 0 objects updated
Patch 164 complete. 7/30/2024 8:57:13 AM
===========================
Patching all shards.
Patching all shards.
PatchV99 patched with 0 objects updated
Patch 165 complete. 7/30/2024 8:57:13 AM
===========================
Patching all shards.
PatchV100 patched with 0 objects updated
Patch 166 complete. 7/30/2024 8:57:13 AM
===========================
Patching all shards.
PatchV101 patched with 0 objects updated
Patch 167 complete. 7/30/2024 8:57:13 AM
===========================
Patching all shards.
Patching all shards.
PatchV102 patched with 0 objects updated
Patch 168 complete. 7/30/2024 8:57:14 AM
===========================
Patching all shards.
Patching all shards.
PatchV103 patched with 0 objects updated
Patch 169 complete. 7/30/2024 8:57:14 AM
===========================
Patching all shards.
Patching all shards.
PatchV104 patched with 6930 objects updated
Patch 170 complete. 7/30/2024 8:57:14 AM
===========================
Patching all shards.
PatchV105 patched with 0 objects updated
Patch 171 complete. 7/30/2024 8:57:14 AM
===========================
Patching all shards.
PatchV106 patched with 0 objects updated
Patch 172 complete. 7/30/2024 8:57:14 AM
===========================
Patching all shards.
Patching all shards.
PatchV107 patched with 104 objects updated
Patch 173 complete. 7/30/2024 8:57:14 AM
===========================
Patching all shards.
Patching all shards.
Removing Angel Island, Internal[(0x3D "Knox", acct: 'knox') (751, 1881, 7)]
Removing Angel Island, Internal[(0x21F "SYSTEM", what: 'PlayerMobile') (0, 0, 0)]
Removing Angel Island, Internal[(0x1008 "Savior", acct: 'staffPixie') (5731, 953, 0)]
Removing Angel Island, Internal[(0x1226 "Yoar", acct: 'staffYoar') (1821, 2515, 6)]
Removing Angel Island, null map[(0x284C "Pixie", acct: '(no account)') (1239, 1988, 7)]
Removing Angel Island, Internal[(0x25B45 "Liberation", acct: 'staffLiberation') (5294, 1175, 0)]
Removing Angel Island, Internal[(0xB914 "Snafu", acct: 'staffKadull') (1426, 1687, 0)]
Removing Angel Island, Internal[(0x151F8 "Oracle", acct: 'staffFolik') (357, 888, 40)]
Removing Angel Island, Internal[(0x5D1E "Raiden", acct: 'staffraiden') (1431, 1691, 20)]
9 staff members removed.
PatchV108 patched with 0 objects updated
Patch 174 complete. 7/30/2024 8:57:14 AM
===========================
Patching all shards.
Run Always: Relocation spawners...
Patching all shards.
Run Always: Send 'Int Map' template mobiles, items, and loot packs to the internal map...
Patching all shards.
Run Always: Delete and redeed any preview addons that were picked up by a save...
Patching Angel Island.
Run Always: Applying spawner patches...
0 spawner patches applied.
Patch 0 complete. 7/30/2024 8:57:14 AM
===========================
Patching all shards.
Run Always: Updating link information. Slow...
Patching all shards.
Run Always: Checking for mobiles & items at map 0,0...
Warning: 0x4001B5E4 "Item" found at (0, 0, 0) with a spawner located at -none-
Deleting and Logging: 0x4001B5E4 "Item"
Warning: 0x4001B5E7 "Item" found at (0, 0, 0) with a spawner located at -none-
Deleting and Logging: 0x4001B5E7 "Item"
2 objects handled.
Patch 0 complete. 7/30/2024 8:57:15 AM
===========================
Patching all shards.
Run Always: Deleting homeless base vendors...
0 homeless base vendors deleted.
Patch 0 complete. 7/30/2024 8:57:15 AM
===========================
Patching all shards.
Run Always: 4058 objects updated
Patch 175 complete. 7/30/2024 8:57:15 AM
===========================
Patching all shards.
Run Always: Deleting all DeleteOnRestart items...
Patching all shards.
Run Always: Initializing 'craftables' table...
Patching all shards.
Run Always: 108 objects updated
Patch 0 complete. 7/30/2024 9:00:26 AM
===========================
Patching all shards.
Run Always: Relocation spawners...
Patching all shards.
Run Always: Send 'Int Map' template mobiles, items, and loot packs to the internal map...
Patching all shards.
Run Always: Delete and redeed any preview addons that were picked up by a save...
Patching Angel Island.
Run Always: Applying spawner patches...
0 spawner patches applied.
Patch 0 complete. 7/30/2024 9:00:27 AM
===========================
Patching all shards.
Run Always: Updating link information. Slow...
Patching all shards.
Run Always: Checking for mobiles & items at map 0,0...
Warning: 0x4001B5E4 "Item" found at (0, 0, 0) with a spawner located at -none-
Deleting and Logging: 0x4001B5E4 "Item"
Warning: 0x4001B5E7 "Item" found at (0, 0, 0) with a spawner located at -none-
Deleting and Logging: 0x4001B5E7 "Item"
2 objects handled.
Patch 0 complete. 7/30/2024 9:00:27 AM
===========================
Patching all shards.
Run Always: Deleting homeless base vendors...
0 homeless base vendors deleted.
Patch 0 complete. 7/30/2024 9:00:27 AM
===========================
Patching all shards.
Run Always: 4057 objects updated
Patch 175 complete. 7/30/2024 9:00:27 AM
===========================
